Assembler report for AVRX1400H
Tue Oct 04 18:11:10 2016
Quartus Prime Version 16.0.0 Build 211 04/27/2016 SJ Lite Edition


---------------------
; Table of Contents ;
---------------------
  1. Legal Notice
  2. Assembler Summary
  3. Assembler Settings
  4. Assembler Generated Files
  5. Assembler Device Options: C:/Users/Hidemi.Niimura/Documents/-work/60.xx_AVR-X1400H/AVR-X1400H_Digital60xx_restored/AVRX1400H.pof
  6. Assembler Device Options: C:/Users/Hidemi.Niimura/Documents/-work/60.xx_AVR-X1400H/AVR-X1400H_Digital60xx_restored/AVRX1400H.svf
  7. Assembler Messages



----------------
; Legal Notice ;
----------------
Copyright (C) 1991-2016 Altera Corporation. All rights reserved.
Your use of Altera Corporation's design tools, logic functions 
and other software and tools, and its AMPP partner logic 
functions, and any output files from any of the foregoing 
(including device programming or simulation files), and any 
associated documentation or information are expressly subject 
to the terms and conditions of the Altera Program License 
Subscription Agreement, the Altera Quartus Prime License Agreement,
the Altera MegaCore Function License Agreement, or other 
applicable license agreement, including, without limitation, 
that your use is for the sole purpose of programming logic 
devices manufactured by Altera and sold by Altera or its 
authorized distributors.  Please refer to the applicable 
agreement for further details.



+---------------------------------------------------------------+
; Assembler Summary                                             ;
+-----------------------+---------------------------------------+
; Assembler Status      ; Successful - Tue Oct 04 18:11:10 2016 ;
; Revision Name         ; AVRX1400H                             ;
; Top-level Entity Name ; AVRX1400H                             ;
; Family                ; MAX V                                 ;
; Device                ; 5M570ZF256C5                          ;
+-----------------------+---------------------------------------+


+----------------------------------+
; Assembler Settings               ;
+--------+---------+---------------+
; Option ; Setting ; Default Value ;
+--------+---------+---------------+


+--------------------------------------------------------------------------------------------------------+
; Assembler Generated Files                                                                              ;
+--------------------------------------------------------------------------------------------------------+
; File Name                                                                                              ;
+--------------------------------------------------------------------------------------------------------+
; C:/Users/Hidemi.Niimura/Documents/-work/60.xx_AVR-X1400H/AVR-X1400H_Digital60xx_restored/AVRX1400H.pof ;
; C:/Users/Hidemi.Niimura/Documents/-work/60.xx_AVR-X1400H/AVR-X1400H_Digital60xx_restored/AVRX1400H.svf ;
+--------------------------------------------------------------------------------------------------------+


+----------------------------------------------------------------------------------------------------------------------------------+
; Assembler Device Options: C:/Users/Hidemi.Niimura/Documents/-work/60.xx_AVR-X1400H/AVR-X1400H_Digital60xx_restored/AVRX1400H.pof ;
+----------------+-----------------------------------------------------------------------------------------------------------------+
; Option         ; Setting                                                                                                         ;
+----------------+-----------------------------------------------------------------------------------------------------------------+
; Device         ; 5M570ZF256C5                                                                                                    ;
; JTAG usercode  ; 0xFFFF6001                                                                                                      ;
; Checksum       ; 0x0031C7CA                                                                                                      ;
+----------------+-----------------------------------------------------------------------------------------------------------------+


+----------------------------------------------------------------------------------------------------------------------------------+
; Assembler Device Options: C:/Users/Hidemi.Niimura/Documents/-work/60.xx_AVR-X1400H/AVR-X1400H_Digital60xx_restored/AVRX1400H.svf ;
+-----------+----------------------------------------------------------------------------------------------------------------------+
; Option    ; Setting                                                                                                              ;
+-----------+----------------------------------------------------------------------------------------------------------------------+
; SVF file  ;                                                                                                                      ;
+-----------+----------------------------------------------------------------------------------------------------------------------+


+--------------------+
; Assembler Messages ;
+--------------------+
Info: *******************************************************************
Info: Running Quartus Prime Assembler
    Info: Version 16.0.0 Build 211 04/27/2016 SJ Lite Edition
    Info: Processing started: Tue Oct 04 18:11:09 2016
Info: Command: quartus_asm --read_settings_files=off --write_settings_files=off AVR1911Digital -c AVRX1400H
Warning (18236): Number of processors has not been specified which may cause overloading on shared machines.  Set the global assignment NUM_PARALLEL_PROCESSORS in your QSF to an appropriate value for best performance.
Info (115031): Writing out detailed assembly data for power analysis
Info (115030): Assembler is generating device programming files
Info: Quartus Prime Assembler was successful. 0 errors, 1 warning
    Info: Peak virtual memory: 722 megabytes
    Info: Processing ended: Tue Oct 04 18:11:10 2016
    Info: Elapsed time: 00:00:01
    Info: Total CPU time (on all processors): 00:00:01


