Flow report for AVRX1400H
Fri Jan 13 10:54:51 2017
Quartus Prime Version 16.0.0 Build 211 04/27/2016 SJ Lite Edition


---------------------
; Table of Contents ;
---------------------
  1. Legal Notice
  2. Flow Summary
  3. Flow Settings
  4. Flow Non-Default Global Settings
  5. Flow Elapsed Time
  6. Flow OS Summary
  7. Flow Log
  8. Flow Messages
  9. Flow Suppressed Messages



----------------
; Legal Notice ;
----------------
Copyright (C) 1991-2016 Altera Corporation. All rights reserved.
Your use of Altera Corporation's design tools, logic functions 
and other software and tools, and its AMPP partner logic 
functions, and any output files from any of the foregoing 
(including device programming or simulation files), and any 
associated documentation or information are expressly subject 
to the terms and conditions of the Altera Program License 
Subscription Agreement, the Altera Quartus Prime License Agreement,
the Altera MegaCore Function License Agreement, or other 
applicable license agreement, including, without limitation, 
that your use is for the sole purpose of programming logic 
devices manufactured by Altera and sold by Altera or its 
authorized distributors.  Please refer to the applicable 
agreement for further details.



+---------------------------------------------------------------------+
; Flow Summary                                                        ;
+-----------------------+---------------------------------------------+
; Flow Status           ; Successful - Fri Jan 13 10:54:51 2017       ;
; Quartus Prime Version ; 16.0.0 Build 211 04/27/2016 SJ Lite Edition ;
; Revision Name         ; AVRX1400H                                   ;
; Top-level Entity Name ; AVRX1400H                                   ;
; Family                ; MAX V                                       ;
; Device                ; 5M570ZF256C5                                ;
; Timing Models         ; Final                                       ;
; Total logic elements  ; 218 / 570 ( 38 % )                          ;
; Total pins            ; 83 / 159 ( 52 % )                           ;
; Total virtual pins    ; 0                                           ;
; UFM blocks            ; 0 / 1 ( 0 % )                               ;
+-----------------------+---------------------------------------------+


+-----------------------------------------+
; Flow Settings                           ;
+-------------------+---------------------+
; Option            ; Setting             ;
+-------------------+---------------------+
; Start date & time ; 01/13/2017 10:54:19 ;
; Main task         ; Compilation         ;
; Revision Name     ; AVRX1400H           ;
+-------------------+---------------------+


+---------------------------------------------------------------------------------------------------------------------------------------------------------------+
; Flow Non-Default Global Settings                                                                                                                              ;
+-----------------------------------------+-----------------------------------------------------+--------------------------------+-------------+----------------+
; Assignment Name                         ; Value                                               ; Default Value                  ; Entity Name ; Section Id     ;
+-----------------------------------------+-----------------------------------------------------+--------------------------------+-------------+----------------+
; AUTO_PACKED_REGISTERS_MAX               ; Off                                                 ; Auto                           ; --          ; --             ;
; COMPILER_SIGNATURE_ID                   ; 112702523521613.148427245904640                     ; --                             ; --          ; --             ;
; EDA_OUTPUT_DATA_FORMAT                  ; Verilog Hdl                                         ; --                             ; --          ; eda_simulation ;
; EDA_SIMULATION_TOOL                     ; ModelSim-Altera (Verilog)                           ; <None>                         ; --          ; --             ;
; EDA_TIME_SCALE                          ; 1 ps                                                ; --                             ; --          ; eda_simulation ;
; MAXII_OPTIMIZATION_TECHNIQUE            ; Speed                                               ; Balanced                       ; --          ; --             ;
; MAX_CORE_JUNCTION_TEMP                  ; 85                                                  ; --                             ; --          ; --             ;
; MIN_CORE_JUNCTION_TEMP                  ; 0                                                   ; --                             ; --          ; --             ;
; OPTIMIZE_HOLD_TIMING                    ; All Paths                                           ; IO Paths and Minimum TPD Paths ; --          ; --             ;
; OPTIMIZE_MULTI_CORNER_TIMING            ; On                                                  ; Off                            ; --          ; --             ;
; PHYSICAL_SYNTHESIS_COMBO_LOGIC          ; On                                                  ; Off                            ; --          ; --             ;
; PHYSICAL_SYNTHESIS_REGISTER_DUPLICATION ; On                                                  ; Off                            ; --          ; --             ;
; PHYSICAL_SYNTHESIS_REGISTER_RETIMING    ; On                                                  ; Off                            ; --          ; --             ;
; POWER_PRESET_COOLING_SOLUTION           ; No Heat Sink With Still Air                         ; --                             ; --          ; --             ;
; SEARCH_PATH                             ; megafunctions/                                      ; --                             ; --          ; --             ;
; SEARCH_PATH                             ; 1910/PLD/1611_1911/FF13/AVR19XXFF13_restored/       ; --                             ; --          ; --             ;
; SEARCH_PATH                             ; 1910/PLD/1611_1911/FF12/AVR1611_1911_FF11_restored/ ; --                             ; --          ; --             ;
; SEARCH_PATH                             ; FF13/AVR19XXFF13_restored/                          ; --                             ; --          ; --             ;
; SEARCH_PATH                             ; FF12/AVR1611_1911_FF11_restored/                    ; --                             ; --          ; --             ;
; SEARCH_PATH                             ; AVR2308_audio_a2990009_restored/                    ; --                             ; --          ; --             ;
; SEARCH_PATH                             ; 4813/Digital/5308ugDigital1105_restored/            ; --                             ; --          ; --             ;
; SEARCH_PATH                             ; rtl/megafunction/verilog/                           ; --                             ; --          ; --             ;
; SEARCH_PATH                             ; rtl/verilog/                                        ; --                             ; --          ; --             ;
; SEARCH_PATH                             ; rtl/VHDL/                                           ; --                             ; --          ; --             ;
; SEARCH_PATH                             ; rtl/bdf/                                            ; --                             ; --          ; --             ;
; SYNTH_TIMING_DRIVEN_SYNTHESIS           ; Off                                                 ; --                             ; --          ; --             ;
; TIMEQUEST_MULTICORNER_ANALYSIS          ; On                                                  ; Off                            ; --          ; --             ;
; USE_GENERATED_PHYSICAL_CONSTRAINTS      ; Off                                                 ; --                             ; --          ; eda_blast_fpga ;
+-----------------------------------------+-----------------------------------------------------+--------------------------------+-------------+----------------+


+-------------------------------------------------------------------------------------------------------------------------------+
; Flow Elapsed Time                                                                                                             ;
+---------------------------+--------------+-------------------------+---------------------+------------------------------------+
; Module Name               ; Elapsed Time ; Average Processors Used ; Peak Virtual Memory ; Total CPU Time (on all processors) ;
+---------------------------+--------------+-------------------------+---------------------+------------------------------------+
; Analysis & Synthesis      ; 00:00:18     ; 1.0                     ; 836 MB              ; 00:00:39                           ;
; Fitter                    ; 00:00:04     ; 1.0                     ; 1096 MB             ; 00:00:05                           ;
; Assembler                 ; 00:00:01     ; 1.0                     ; 720 MB              ; 00:00:01                           ;
; TimeQuest Timing Analyzer ; 00:00:02     ; 1.0                     ; 744 MB              ; 00:00:02                           ;
; EDA Netlist Writer        ; 00:00:01     ; 1.0                     ; 687 MB              ; 00:00:01                           ;
; Total                     ; 00:00:26     ; --                      ; --                  ; 00:00:48                           ;
+---------------------------+--------------+-------------------------+---------------------+------------------------------------+


+----------------------------------------------------------------------------------------+
; Flow OS Summary                                                                        ;
+---------------------------+------------------+-----------+------------+----------------+
; Module Name               ; Machine Hostname ; OS Name   ; OS Version ; Processor type ;
+---------------------------+------------------+-----------+------------+----------------+
; Analysis & Synthesis      ; JPSHINB159       ; Windows 7 ; 6.1        ; x86_64         ;
; Fitter                    ; JPSHINB159       ; Windows 7 ; 6.1        ; x86_64         ;
; Assembler                 ; JPSHINB159       ; Windows 7 ; 6.1        ; x86_64         ;
; TimeQuest Timing Analyzer ; JPSHINB159       ; Windows 7 ; 6.1        ; x86_64         ;
; EDA Netlist Writer        ; JPSHINB159       ; Windows 7 ; 6.1        ; x86_64         ;
+---------------------------+------------------+-----------+------------+----------------+


------------
; Flow Log ;
------------
quartus_map --read_settings_files=on --write_settings_files=off AVR1911Digital -c AVRX1400H
quartus_fit --read_settings_files=off --write_settings_files=off AVR1911Digital -c AVRX1400H
quartus_asm --read_settings_files=off --write_settings_files=off AVR1911Digital -c AVRX1400H
quartus_sta AVR1911Digital -c AVRX1400H
quartus_eda --read_settings_files=off --write_settings_files=off AVR1911Digital -c AVRX1400H



